<?xml version='1.0'?>
<ns2:test-suite xmlns:ns2='urn:model.allure.qatools.yandex.ru' start='1669040953909' stop='1669041029301'>
    <name>Login</name>
    <title>Login</title>
    <test-cases>
        <test-case start='1669040953909' status='broken' stop='1669041013922'>
            <name>should not log in with invalid credentials</name>
            <title>should not log in with invalid credentials</title>
            <labels>
                <label name='language' value='javascript'/>
                <label name='framework' value='wdio'/>
                <label name='thread' value='0-0'/>
            </labels>
            <parameters>
                <parameter kind='argument' name='browser' value='chrome-107.0.5304.107'/>
            </parameters>
            <steps>
                <step start='1669040953911' status='passed' stop='1669040954026'>
                    <name>POST /session/:sessionId/window/maximize</name>
                    <title>POST /session/:sessionId/window/maximize</title>
                    <attachments>
                        <attachment title='Response' source='b1863bec-e6ad-4f1a-8f49-ca06bb187e30-attachment.json' type='application/json' size='58'/>
                    </attachments>
                    <steps/>
                </step>
                <step start='1669040954027' status='broken' stop='1669041013922'>
                    <name>POST /session/:sessionId/url</name>
                    <title>POST /session/:sessionId/url</title>
                    <attachments>
                        <attachment title='Request' source='f5c5c8a0-6a84-4e2c-ab61-e979e7ac038d-attachment.json' type='application/json' size='47'/>
                    </attachments>
                    <steps/>
                </step>
            </steps>
            <attachments/>
            <failure>
                <message>Timeout of 60000ms exceeded. The execution in the test "Login should not log in with invalid credentials" took too long. Try to reduce the run time or increase your timeout for test specs (https://webdriver.io/docs/timeouts). (C:\Users\apetrash\Documents\AQA_JS\Sprint-4\test\specs\login.js)</message>
                <stack-trace>Error: Timeout of 60000ms exceeded. The execution in the test "Login should not log in with invalid credentials" took too long. Try to reduce the run time or increase your timeout for test specs (https://webdriver.io/docs/timeouts). (C:\Users\apetrash\Documents\AQA_JS\Sprint-4\test\specs\login.js)
                    at createTimeoutError (C:\Users\apetrash\Documents\AQA_JS\Sprint-4\node_modules\mocha\lib\errors.js:498:15)
                    at Test.Runnable._timeoutError (C:\Users\apetrash\Documents\AQA_JS\Sprint-4\node_modules\mocha\lib\runnable.js:431:10)
                    at Timeout.&lt;anonymous> (C:\Users\apetrash\Documents\AQA_JS\Sprint-4\node_modules\mocha\lib\runnable.js:246:24)
                    at listOnTimeout (internal/timers.js:554:17)
                    at processTimers (internal/timers.js:497:7)</stack-trace>
            </failure>
        </test-case>
        <test-case start='1669041013923' status='broken' stop='1669041029299'>
            <name>should log in with valid credentials</name>
            <title>should log in with valid credentials</title>
            <labels>
                <label name='language' value='javascript'/>
                <label name='framework' value='wdio'/>
                <label name='thread' value='0-0'/>
            </labels>
            <parameters>
                <parameter kind='argument' name='browser' value='chrome-107.0.5304.107'/>
            </parameters>
            <steps>
                <step start='1669041013923' status='passed' stop='1669041017495'>
                    <name>POST /session/:sessionId/window/maximize</name>
                    <title>POST /session/:sessionId/window/maximize</title>
                    <attachments>
                        <attachment title='Response' source='4c76e129-9d98-4d96-9823-a8819af632c3-attachment.json' type='application/json' size='58'/>
                    </attachments>
                    <steps/>
                </step>
                <step start='1669041017495' status='broken' stop='1669041029299'>
                    <name>POST /session/:sessionId/url</name>
                    <title>POST /session/:sessionId/url</title>
                    <attachments>
                        <attachment title='Request' source='9815e4fe-94e4-4839-b0f6-5130a52f54d9-attachment.json' type='application/json' size='47'/>
                    </attachments>
                    <steps>
                        <step start='1669041029292' status='broken' stop='1669041029299'>
                            <name>GET /session/:sessionId/screenshot</name>
                            <title>GET /session/:sessionId/screenshot</title>
                            <attachments/>
                            <steps>
                                <step start='1669041029296' status='broken' stop='1669041029299'>
                                    <name>GET /session/:sessionId/screenshot</name>
                                    <title>GET /session/:sessionId/screenshot</title>
                                    <attachments/>
                                    <steps/>
                                </step>
                            </steps>
                        </step>
                    </steps>
                </step>
            </steps>
            <attachments/>
            <failure>
                <message>read ECONNRESET</message>
                <stack-trace>RequestError: read ECONNRESET
                    at ClientRequest.&lt;anonymous> (C:\Users\apetrash\Documents\AQA_JS\Sprint-4\node_modules\got\dist\source\core\index.js:970:111)
                    at Object.onceWrapper (events.js:422:26)
                    at ClientRequest.emit (events.js:327:22)
                    at ClientRequest.EventEmitter.emit (domain.js:486:12)
                    at ClientRequest.origin.emit (C:\Users\apetrash\Documents\AQA_JS\Sprint-4\node_modules\@szmarczak\http-timer\dist\source\index.js:43:20)
                    at Socket.socketErrorListener (_http_client.js:469:9)
                    at Socket.emit (events.js:315:20)
                    at Socket.EventEmitter.emit (domain.js:486:12)
                    at emitErrorNT (internal/streams/destroy.js:106:8)
                    at emitErrorCloseNT (internal/streams/destroy.js:74:3)
                    at TCP.onStreamRead (internal/stream_base_commons.js:209:20)</stack-trace>
            </failure>
        </test-case>
    </test-cases>
</ns2:test-suite>